0 info it worked if it ends with ok
1 verbose cli [ 'node', '/usr/local/bin/npm', 'install', 'ngRoute' ]
2 info using npm@2.11.2
3 info using node@v0.12.5
4 verbose node symlink /usr/local/bin/node
5 verbose install initial load of /Users/Brent/github/Set Generator/package.json
6 verbose installManyTop reading scoped package data from /Users/Brent/github/Set Generator/node_modules/body-parser/package.json
7 verbose installManyTop reading scoped package data from /Users/Brent/github/Set Generator/node_modules/cheerio/package.json
8 verbose installManyTop reading scoped package data from /Users/Brent/github/Set Generator/node_modules/express/package.json
9 verbose installManyTop reading scoped package data from /Users/Brent/github/Set Generator/node_modules/fs/package.json
10 verbose installManyTop reading scoped package data from /Users/Brent/github/Set Generator/node_modules/gulp/package.json
11 verbose installManyTop reading scoped package data from /Users/Brent/github/Set Generator/node_modules/mongojs/package.json
12 verbose installManyTop reading scoped package data from /Users/Brent/github/Set Generator/node_modules/path/package.json
13 verbose installManyTop reading scoped package data from /Users/Brent/github/Set Generator/node_modules/request/package.json
14 verbose installManyTop reading scoped package data from /Users/Brent/github/Set Generator/node_modules/require/package.json
15 info package.json fs@0.0.2 fs is also the name of a node core module.
16 info package.json fs@0.0.2 No description
17 info package.json fs@0.0.2 No repository field.
18 info package.json fs@0.0.2 No README data
19 info package.json path@0.11.14 path is also the name of a node core module.
20 info package.json require@2.4.18 No license field.
21 verbose readDependencies loading dependencies from /Users/Brent/github/Set Generator/package.json
22 silly cache add args [ 'ngRoute', null ]
23 verbose cache add spec ngRoute
24 silly cache add parsed spec { raw: 'ngRoute',
24 silly cache add   scope: null,
24 silly cache add   name: 'ngRoute',
24 silly cache add   rawSpec: '',
24 silly cache add   spec: '*',
24 silly cache add   type: 'range' }
25 silly addNamed ngRoute@*
26 verbose addNamed "*" is a valid semver range for ngRoute
27 silly addNameRange { name: 'ngRoute', range: '*', hasData: false }
28 silly mapToRegistry name ngRoute
29 silly mapToRegistry using default registry
30 silly mapToRegistry registry https://registry.npmjs.org/
31 silly mapToRegistry uri https://registry.npmjs.org/ngRoute
32 verbose addNameRange registry:https://registry.npmjs.org/ngRoute not in flight; fetching
33 verbose request uri https://registry.npmjs.org/ngRoute
34 verbose request no auth needed
35 info attempt registry request try #1 at 01:30:01
36 verbose request id 4a54a2b6b88828cf
37 http request GET https://registry.npmjs.org/ngRoute
38 http 404 https://registry.npmjs.org/ngRoute
39 verbose headers { server: 'CouchDB/1.5.0 (Erlang OTP/R16B03)',
39 verbose headers   'content-type': 'application/json',
39 verbose headers   'cache-control': 'max-age=0',
39 verbose headers   'content-length': '51',
39 verbose headers   'accept-ranges': 'bytes',
39 verbose headers   date: 'Tue, 07 Jul 2015 06:30:01 GMT',
39 verbose headers   via: '1.1 varnish',
39 verbose headers   age: '0',
39 verbose headers   connection: 'keep-alive',
39 verbose headers   'x-served-by': 'cache-ord1731-ORD',
39 verbose headers   'x-cache': 'MISS',
39 verbose headers   'x-cache-hits': '0',
39 verbose headers   'x-timer': 'S1436250601.733484,VS0,VE151' }
40 silly get cb [ 404,
40 silly get   { server: 'CouchDB/1.5.0 (Erlang OTP/R16B03)',
40 silly get     'content-type': 'application/json',
40 silly get     'cache-control': 'max-age=0',
40 silly get     'content-length': '51',
40 silly get     'accept-ranges': 'bytes',
40 silly get     date: 'Tue, 07 Jul 2015 06:30:01 GMT',
40 silly get     via: '1.1 varnish',
40 silly get     age: '0',
40 silly get     connection: 'keep-alive',
40 silly get     'x-served-by': 'cache-ord1731-ORD',
40 silly get     'x-cache': 'MISS',
40 silly get     'x-cache-hits': '0',
40 silly get     'x-timer': 'S1436250601.733484,VS0,VE151' } ]
41 verbose stack Error: 404 Not Found: ngRoute
41 verbose stack     at CachingRegistryClient.<anonymous> (/usr/local/lib/node_modules/npm/node_modules/npm-registry-client/lib/request.js:245:14)
41 verbose stack     at Request._callback (/usr/local/lib/node_modules/npm/node_modules/npm-registry-client/lib/request.js:170:14)
41 verbose stack     at Request.self.callback (/usr/local/lib/node_modules/npm/node_modules/request/request.js:354:22)
41 verbose stack     at Request.emit (events.js:110:17)
41 verbose stack     at Request.<anonymous> (/usr/local/lib/node_modules/npm/node_modules/request/request.js:1207:14)
41 verbose stack     at Request.emit (events.js:129:20)
41 verbose stack     at IncomingMessage.<anonymous> (/usr/local/lib/node_modules/npm/node_modules/request/request.js:1153:12)
41 verbose stack     at IncomingMessage.emit (events.js:129:20)
41 verbose stack     at _stream_readable.js:908:16
41 verbose stack     at process._tickCallback (node.js:355:11)
42 verbose statusCode 404
43 verbose pkgid ngRoute
44 verbose cwd /Users/Brent/github/Set Generator
45 error Darwin 14.3.0
46 error argv "node" "/usr/local/bin/npm" "install" "ngRoute"
47 error node v0.12.5
48 error npm  v2.11.2
49 error code E404
50 error 404 Not Found: ngRoute
50 error 404
50 error 404 'ngRoute' is not in the npm registry.
50 error 404 Your package name is not valid, because
50 error 404
50 error 404  1. name can no longer contain capital letters
50 error 404
50 error 404 Note that you can also install from a
50 error 404 tarball, folder, http url, or git url.
51 verbose exit [ 1, true ]
